<?xml version="1.0" encoding="UTF-8"?>
<robot generator="Robot 7.4.2 (Python 3.14.2 on win32)" generated="2026-05-12T16:24:59.707131" rpa="false" schemaversion="5">
<suite id="s1" name="Login Steps" source="C:\ROBOT FRAMEWORK\projeto_robot\test\login_steps.robot">
<kw name="Open Browser" owner="SeleniumLibrary" type="SETUP">
<msg time="2026-05-12T16:24:59.942940" level="INFO">Opening browser 'chrome' to base url 'None'.</msg>
<arg>browser=chrome</arg>
<doc>Opens a new browser instance to the optional ``url``.</doc>
<status status="PASS" start="2026-05-12T16:24:59.942728" elapsed="0.805207"/>
</kw>
<test id="s1-t1" name="Successful Login" line="14">
<kw name="I navigate to the login page" owner="login_keywords">
<kw name="Go To" owner="SeleniumLibrary">
<msg time="2026-05-12T16:25:00.749674" level="INFO">Opening url 'https://www.saucedemo.com/'</msg>
<arg>${URL}</arg>
<doc>Navigates the current browser window to the provided ``url``.</doc>
<status status="PASS" start="2026-05-12T16:25:00.749507" elapsed="0.894424"/>
</kw>
<arg>${URL}</arg>
<status status="PASS" start="2026-05-12T16:25:00.749029" elapsed="0.895060"/>
</kw>
<kw name="I input correct credentials" owner="login_keywords">
<kw name="Wait Until Element Is Visible" owner="SeleniumLibrary">
<arg>id=user-name</arg>
<doc>Waits until the element ``locator`` is visible.</doc>
<status status="PASS" start="2026-05-12T16:25:01.644986" elapsed="0.025467"/>
</kw>
<kw name="Input Text" owner="SeleniumLibrary">
<msg time="2026-05-12T16:25:01.671124" level="INFO">Typing text 'standard_user' into text field 'id=user-name'.</msg>
<arg>id=user-name</arg>
<arg>${LOGIN_DATA["correctData"]["username"]}</arg>
<doc>Types the given ``text`` into the text field identified by ``locator``.</doc>
<status status="PASS" start="2026-05-12T16:25:01.670621" elapsed="0.102217"/>
</kw>
<kw name="Input Text" owner="SeleniumLibrary">
<msg time="2026-05-12T16:25:01.773485" level="INFO">Typing text 'secret_sauce' into text field 'id=password'.</msg>
<arg>id=password</arg>
<arg>${LOGIN_DATA["correctData"]["password"]}</arg>
<doc>Types the given ``text`` into the text field identified by ``locator``.</doc>
<status status="PASS" start="2026-05-12T16:25:01.773010" elapsed="0.057353"/>
</kw>
<status status="PASS" start="2026-05-12T16:25:01.644591" elapsed="0.185889"/>
</kw>
<kw name="I click on the login button" owner="login_keywords">
<kw name="Click Button" owner="SeleniumLibrary">
<msg time="2026-05-12T16:25:01.831158" level="INFO">Clicking button 'id=login-button'.</msg>
<arg>id=login-button</arg>
<doc>Clicks the button identified by ``locator``.</doc>
<status status="PASS" start="2026-05-12T16:25:01.831004" elapsed="0.087936"/>
</kw>
<status status="PASS" start="2026-05-12T16:25:01.830782" elapsed="0.088267"/>
</kw>
<kw name="I am able view the home page" owner="login_keywords">
<kw name="Get Location" owner="SeleniumLibrary">
<msg time="2026-05-12T16:25:01.924099" level="INFO">${location} = https://www.saucedemo.com/inventory.html</msg>
<var>${location}</var>
<doc>Returns the current browser window URL.</doc>
<status status="PASS" start="2026-05-12T16:25:01.919571" elapsed="0.004574"/>
</kw>
<kw name="Should Be Equal" owner="BuiltIn">
<arg>${location}</arg>
<arg>https://www.saucedemo.com/inventory.html</arg>
<doc>Fails if the given objects are unequal.</doc>
<status status="PASS" start="2026-05-12T16:25:01.924291" elapsed="0.000346"/>
</kw>
<status status="PASS" start="2026-05-12T16:25:01.919332" elapsed="0.005386"/>
</kw>
<status status="PASS" start="2026-05-12T16:25:00.748219" elapsed="1.176836"/>
</test>
<test id="s1-t2" name="Unsuccessful Login - No Credentials" line="20">
<kw name="I navigate to the login page" owner="login_keywords">
<kw name="Go To" owner="SeleniumLibrary">
<msg time="2026-05-12T16:25:01.926263" level="INFO">Opening url 'https://www.saucedemo.com/'</msg>
<arg>${URL}</arg>
<doc>Navigates the current browser window to the provided ``url``.</doc>
<status status="PASS" start="2026-05-12T16:25:01.926145" elapsed="0.054231"/>
</kw>
<arg>${URL}</arg>
<status status="PASS" start="2026-05-12T16:25:01.925836" elapsed="0.054730"/>
</kw>
<kw name="I input no credentials" owner="login_keywords">
<kw name="Wait Until Element Is Visible" owner="SeleniumLibrary">
<arg>id=user-name</arg>
<doc>Waits until the element ``locator`` is visible.</doc>
<status status="PASS" start="2026-05-12T16:25:01.981465" elapsed="0.019085"/>
</kw>
<status status="PASS" start="2026-05-12T16:25:01.981011" elapsed="0.019638"/>
</kw>
<kw name="I click on the login button" owner="login_keywords">
<kw name="Click Button" owner="SeleniumLibrary">
<msg time="2026-05-12T16:25:02.001422" level="INFO">Clicking button 'id=login-button'.</msg>
<arg>id=login-button</arg>
<doc>Clicks the button identified by ``locator``.</doc>
<status status="PASS" start="2026-05-12T16:25:02.001268" elapsed="0.058067"/>
</kw>
<status status="PASS" start="2026-05-12T16:25:02.001025" elapsed="0.058425"/>
</kw>
<kw name="I am able to see the expected error message for no credentials" owner="login_keywords">
<kw name="Wait Until Element Contains" owner="SeleniumLibrary">
<arg>class=error-message-container</arg>
<arg>${ERROR_MESSAGES["noCredentials"]}</arg>
<doc>Waits until the element ``locator`` contains ``text``.</doc>
<status status="PASS" start="2026-05-12T16:25:02.060272" elapsed="0.024780"/>
</kw>
<status status="PASS" start="2026-05-12T16:25:02.059915" elapsed="0.025238"/>
</kw>
<status status="PASS" start="2026-05-12T16:25:01.925424" elapsed="0.160081"/>
</test>
<test id="s1-t3" name="Unsuccessful Login - No Username" line="26">
<kw name="I navigate to the login page" owner="login_keywords">
<kw name="Go To" owner="SeleniumLibrary">
<msg time="2026-05-12T16:25:02.086881" level="INFO">Opening url 'https://www.saucedemo.com/'</msg>
<arg>${URL}</arg>
<doc>Navigates the current browser window to the provided ``url``.</doc>
<status status="PASS" start="2026-05-12T16:25:02.086782" elapsed="0.037130"/>
</kw>
<arg>${URL}</arg>
<status status="PASS" start="2026-05-12T16:25:02.086536" elapsed="0.037649"/>
</kw>
<kw name="I input only the password" owner="login_keywords">
<kw name="Wait Until Element Is Visible" owner="SeleniumLibrary">
<arg>id=user-name</arg>
<doc>Waits until the element ``locator`` is visible.</doc>
<status status="PASS" start="2026-05-12T16:25:02.125401" elapsed="0.019498"/>
</kw>
<kw name="Input Text" owner="SeleniumLibrary">
<msg time="2026-05-12T16:25:02.145549" level="INFO">Typing text 'secret_sauce' into text field 'id=password'.</msg>
<arg>id=password</arg>
<arg>${LOGIN_DATA["correctData"]["password"]}</arg>
<doc>Types the given ``text`` into the text field identified by ``locator``.</doc>
<status status="PASS" start="2026-05-12T16:25:02.145070" elapsed="0.071959"/>
</kw>
<status status="PASS" start="2026-05-12T16:25:02.124576" elapsed="0.092575"/>
</kw>
<kw name="I click on the login button" owner="login_keywords">
<kw name="Click Button" owner="SeleniumLibrary">
<msg time="2026-05-12T16:25:02.218023" level="INFO">Clicking button 'id=login-button'.</msg>
<arg>id=login-button</arg>
<doc>Clicks the button identified by ``locator``.</doc>
<status status="PASS" start="2026-05-12T16:25:02.217844" elapsed="0.045378"/>
</kw>
<status status="PASS" start="2026-05-12T16:25:02.217469" elapsed="0.045858"/>
</kw>
<kw name="I am able to see the expected error message for no username" owner="login_keywords">
<kw name="Wait Until Element Contains" owner="SeleniumLibrary">
<arg>class=error-message-container</arg>
<arg>${ERROR_MESSAGES["noUserName"]}</arg>
<doc>Waits until the element ``locator`` contains ``text``.</doc>
<status status="PASS" start="2026-05-12T16:25:02.263870" elapsed="0.010451"/>
</kw>
<status status="PASS" start="2026-05-12T16:25:02.263612" elapsed="0.010840"/>
</kw>
<status status="PASS" start="2026-05-12T16:25:02.086051" elapsed="0.188811"/>
</test>
<test id="s1-t4" name="Unsuccessful Login - No Password" line="32">
<kw name="I navigate to the login page" owner="login_keywords">
<kw name="Go To" owner="SeleniumLibrary">
<msg time="2026-05-12T16:25:02.276748" level="INFO">Opening url 'https://www.saucedemo.com/'</msg>
<arg>${URL}</arg>
<doc>Navigates the current browser window to the provided ``url``.</doc>
<status status="PASS" start="2026-05-12T16:25:02.276502" elapsed="0.032923"/>
</kw>
<arg>${URL}</arg>
<status status="PASS" start="2026-05-12T16:25:02.276076" elapsed="0.033546"/>
</kw>
<kw name="I input only the username" owner="login_keywords">
<kw name="Wait Until Element Is Visible" owner="SeleniumLibrary">
<arg>id=user-name</arg>
<doc>Waits until the element ``locator`` is visible.</doc>
<status status="PASS" start="2026-05-12T16:25:02.310829" elapsed="0.013422"/>
</kw>
<kw name="Input Text" owner="SeleniumLibrary">
<msg time="2026-05-12T16:25:02.325093" level="INFO">Typing text 'standard_user' into text field 'id=user-name'.</msg>
<arg>id=user-name</arg>
<arg>${LOGIN_DATA["correctData"]["username"]}</arg>
<doc>Types the given ``text`` into the text field identified by ``locator``.</doc>
<status status="PASS" start="2026-05-12T16:25:02.324405" elapsed="0.084239"/>
</kw>
<status status="PASS" start="2026-05-12T16:25:02.310360" elapsed="0.098457"/>
</kw>
<kw name="I click on the login button" owner="login_keywords">
<kw name="Click Button" owner="SeleniumLibrary">
<msg time="2026-05-12T16:25:02.410110" level="INFO">Clicking button 'id=login-button'.</msg>
<arg>id=login-button</arg>
<doc>Clicks the button identified by ``locator``.</doc>
<status status="PASS" start="2026-05-12T16:25:02.409800" elapsed="0.043275"/>
</kw>
<status status="PASS" start="2026-05-12T16:25:02.409317" elapsed="0.043910"/>
</kw>
<kw name="I am able to see the expected error message for no password" owner="login_keywords">
<kw name="Wait Until Element Contains" owner="SeleniumLibrary">
<arg>class=error-message-container</arg>
<arg>${ERROR_MESSAGES["noPassword"]}</arg>
<doc>Waits until the element ``locator`` contains ``text``.</doc>
<status status="PASS" start="2026-05-12T16:25:02.453923" elapsed="0.014021"/>
</kw>
<status status="PASS" start="2026-05-12T16:25:02.453578" elapsed="0.014472"/>
</kw>
<status status="PASS" start="2026-05-12T16:25:02.275496" elapsed="0.192800"/>
</test>
<test id="s1-t5" name="Unsuccessful Login - Wrong Credentials" line="38">
<kw name="I navigate to the login page" owner="login_keywords">
<kw name="Go To" owner="SeleniumLibrary">
<msg time="2026-05-12T16:25:02.469731" level="INFO">Opening url 'https://www.saucedemo.com/'</msg>
<arg>${URL}</arg>
<doc>Navigates the current browser window to the provided ``url``.</doc>
<status status="PASS" start="2026-05-12T16:25:02.469620" elapsed="0.032046"/>
</kw>
<arg>${URL}</arg>
<status status="PASS" start="2026-05-12T16:25:02.469261" elapsed="0.032566"/>
</kw>
<kw name="I input wrong credentials" owner="login_keywords">
<kw name="Wait Until Element Is Visible" owner="SeleniumLibrary">
<arg>id=user-name</arg>
<doc>Waits until the element ``locator`` is visible.</doc>
<status status="PASS" start="2026-05-12T16:25:02.502644" elapsed="0.014941"/>
</kw>
<kw name="Input Text" owner="SeleniumLibrary">
<msg time="2026-05-12T16:25:02.518190" level="INFO">Typing text 'UserNameTest' into text field 'id=user-name'.</msg>
<arg>id=user-name</arg>
<arg>${LOGIN_DATA["wrongData"]["username"]}</arg>
<doc>Types the given ``text`` into the text field identified by ``locator``.</doc>
<status status="PASS" start="2026-05-12T16:25:02.517744" elapsed="0.064611"/>
</kw>
<kw name="Input Text" owner="SeleniumLibrary">
<msg time="2026-05-12T16:25:02.582974" level="INFO">Typing text ' PasswordTest' into text field 'id=password'.</msg>
<arg>id=password</arg>
<arg>${LOGIN_DATA["wrongData"]["password"]}</arg>
<doc>Types the given ``text`` into the text field identified by ``locator``.</doc>
<status status="PASS" start="2026-05-12T16:25:02.582522" elapsed="0.053163"/>
</kw>
<status status="PASS" start="2026-05-12T16:25:02.502210" elapsed="0.133579"/>
</kw>
<kw name="I click on the login button" owner="login_keywords">
<kw name="Click Button" owner="SeleniumLibrary">
<msg time="2026-05-12T16:25:02.636594" level="INFO">Clicking button 'id=login-button'.</msg>
<arg>id=login-button</arg>
<doc>Clicks the button identified by ``locator``.</doc>
<status status="PASS" start="2026-05-12T16:25:02.636436" elapsed="0.046726"/>
</kw>
<status status="PASS" start="2026-05-12T16:25:02.636168" elapsed="0.047097"/>
</kw>
<kw name="I am able to see the expected error message for wrong credentials" owner="login_keywords">
<kw name="Wait Until Element Contains" owner="SeleniumLibrary">
<arg>class=error-message-container</arg>
<arg>${ERROR_MESSAGES["wrongCredentials"]}</arg>
<doc>Waits until the element ``locator`` contains ``text``.</doc>
<status status="PASS" start="2026-05-12T16:25:02.683911" elapsed="0.011594"/>
</kw>
<status status="PASS" start="2026-05-12T16:25:02.683646" elapsed="0.011966"/>
</kw>
<status status="PASS" start="2026-05-12T16:25:02.468713" elapsed="0.227188"/>
</test>
<status status="PASS" start="2026-05-12T16:24:59.708763" elapsed="2.987715"/>
</suite>
<statistics>
<total>
<stat pass="5" fail="0" skip="0">All Tests</stat>
</total>
<tag>
</tag>
<suite>
<stat name="Login Steps" id="s1" pass="5" fail="0" skip="0">Login Steps</stat>
</suite>
</statistics>
<errors>
</errors>
</robot>
