<?xml version="1.0" encoding="UTF-8"?>
<robot generator="Robot 7.4.2 (Python 3.14.2 on win32)" generated="2026-05-11T09:59:25.935564" rpa="false" schemaversion="5">
<suite id="s1" name="Login Steps" source="C:\ROBOT FRAMEWORK\projeto_robot\login_steps.robot">
<test id="s1-t1" name="Successful Login" line="13">
<kw name="Open Browser" owner="SeleniumLibrary">
<msg time="2026-05-11T09:59:26.162985" level="INFO">Opening browser 'chrome' to base url 'https://www.saucedemo.com/'.</msg>
<arg>url=${URL}</arg>
<arg>browser=${BROWSER}</arg>
<doc>Opens a new browser instance to the optional ``url``.</doc>
<status status="PASS" start="2026-05-11T09:59:26.162664" elapsed="1.975639"/>
</kw>
<kw name="Wait Until Element Is Visible" owner="SeleniumLibrary">
<arg>id=user-name</arg>
<doc>Waits until the element ``locator`` is visible.</doc>
<status status="PASS" start="2026-05-11T09:59:28.138896" elapsed="0.027378"/>
</kw>
<kw name="Input Text" owner="SeleniumLibrary">
<msg time="2026-05-11T09:59:28.167069" level="INFO">Typing text 'standard_user' into text field 'id=user-name'.</msg>
<arg>id=user-name</arg>
<arg>${USERNAME}</arg>
<doc>Types the given ``text`` into the text field identified by ``locator``.</doc>
<status status="PASS" start="2026-05-11T09:59:28.166711" elapsed="0.117758"/>
</kw>
<kw name="Input Text" owner="SeleniumLibrary">
<msg time="2026-05-11T09:59:28.285247" level="INFO">Typing text 'secret_sauce' into text field 'id=password'.</msg>
<arg>id=password</arg>
<arg>${PASSWORD}</arg>
<doc>Types the given ``text`` into the text field identified by ``locator``.</doc>
<status status="PASS" start="2026-05-11T09:59:28.284854" elapsed="0.090655"/>
</kw>
<kw name="Click Button" owner="SeleniumLibrary">
<msg time="2026-05-11T09:59:28.376201" level="INFO">Clicking button 'id=login-button'.</msg>
<arg>id=login-button</arg>
<doc>Clicks the button identified by ``locator``.</doc>
<status status="PASS" start="2026-05-11T09:59:28.375949" elapsed="0.115266"/>
</kw>
<kw name="Get Location" owner="SeleniumLibrary">
<msg time="2026-05-11T09:59:28.496764" level="INFO">${location} = https://www.saucedemo.com/inventory.html</msg>
<var>${location}</var>
<doc>Returns the current browser window URL.</doc>
<status status="PASS" start="2026-05-11T09:59:28.491687" elapsed="0.005129"/>
</kw>
<kw name="Should Be Equal" owner="BuiltIn">
<arg>${location}</arg>
<arg>https://www.saucedemo.com/inventory.html</arg>
<doc>Fails if the given objects are unequal.</doc>
<status status="PASS" start="2026-05-11T09:59:28.497074" elapsed="0.000386"/>
</kw>
<status status="PASS" start="2026-05-11T09:59:26.161515" elapsed="2.336233"/>
</test>
<test id="s1-t2" name="Unsuccessful Login - No Credentials" line="22">
<kw name="Open Browser" owner="SeleniumLibrary">
<msg time="2026-05-11T09:59:28.499235" level="INFO">Opening browser 'chrome' to base url 'https://www.saucedemo.com/'.</msg>
<arg>url=${URL}</arg>
<arg>browser=${BROWSER}</arg>
<doc>Opens a new browser instance to the optional ``url``.</doc>
<status status="PASS" start="2026-05-11T09:59:28.498895" elapsed="1.431648"/>
</kw>
<kw name="Wait Until Element Is Visible" owner="SeleniumLibrary">
<arg>id=user-name</arg>
<doc>Waits until the element ``locator`` is visible.</doc>
<status status="PASS" start="2026-05-11T09:59:29.931281" elapsed="0.022685"/>
</kw>
<kw name="Click Button" owner="SeleniumLibrary">
<msg time="2026-05-11T09:59:29.954665" level="INFO">Clicking button 'id=login-button'.</msg>
<arg>id=login-button</arg>
<doc>Clicks the button identified by ``locator``.</doc>
<status status="PASS" start="2026-05-11T09:59:29.954391" elapsed="0.096963"/>
</kw>
<kw name="Wait Until Element Contains" owner="SeleniumLibrary">
<arg>class=error-message-container</arg>
<arg>Epic sadface: Username is required</arg>
<doc>Waits until the element ``locator`` contains ``text``.</doc>
<status status="PASS" start="2026-05-11T09:59:30.051706" elapsed="0.032486"/>
</kw>
<status status="PASS" start="2026-05-11T09:59:28.498317" elapsed="1.586238"/>
</test>
<test id="s1-t3" name="Unsuccessful Login - No Username" line="28">
<kw name="Open Browser" owner="SeleniumLibrary">
<msg time="2026-05-11T09:59:30.085912" level="INFO">Opening browser 'chrome' to base url 'https://www.saucedemo.com/'.</msg>
<arg>url=${URL}</arg>
<arg>browser=${BROWSER}</arg>
<doc>Opens a new browser instance to the optional ``url``.</doc>
<status status="PASS" start="2026-05-11T09:59:30.085625" elapsed="0.797948"/>
</kw>
<kw name="Wait Until Element Is Visible" owner="SeleniumLibrary">
<arg>id=user-name</arg>
<doc>Waits until the element ``locator`` is visible.</doc>
<status status="PASS" start="2026-05-11T09:59:30.884233" elapsed="0.841965"/>
</kw>
<kw name="Input Text" owner="SeleniumLibrary">
<msg time="2026-05-11T09:59:31.727072" level="INFO">Typing text 'secret_sauce' into text field 'id=password'.</msg>
<arg>id=password</arg>
<arg>${PASSWORD}</arg>
<doc>Types the given ``text`` into the text field identified by ``locator``.</doc>
<status status="PASS" start="2026-05-11T09:59:31.726645" elapsed="0.122397"/>
</kw>
<kw name="Click Button" owner="SeleniumLibrary">
<msg time="2026-05-11T09:59:31.849714" level="INFO">Clicking button 'id=login-button'.</msg>
<arg>id=login-button</arg>
<doc>Clicks the button identified by ``locator``.</doc>
<status status="PASS" start="2026-05-11T09:59:31.849455" elapsed="0.069210"/>
</kw>
<kw name="Wait Until Element Contains" owner="SeleniumLibrary">
<arg>class=error-message-container</arg>
<arg>Epic sadface: Username is required</arg>
<doc>Waits until the element ``locator`` contains ``text``.</doc>
<status status="PASS" start="2026-05-11T09:59:31.919086" elapsed="0.029943"/>
</kw>
<status status="PASS" start="2026-05-11T09:59:30.085108" elapsed="1.864352"/>
</test>
<test id="s1-t4" name="Unsuccessful Login - No Password" line="35">
<kw name="Open Browser" owner="SeleniumLibrary">
<msg time="2026-05-11T09:59:31.950751" level="INFO">Opening browser 'chrome' to base url 'https://www.saucedemo.com/'.</msg>
<arg>url=${URL}</arg>
<arg>browser=${BROWSER}</arg>
<doc>Opens a new browser instance to the optional ``url``.</doc>
<status status="PASS" start="2026-05-11T09:59:31.950479" elapsed="1.384701"/>
</kw>
<kw name="Wait Until Element Is Visible" owner="SeleniumLibrary">
<arg>id=user-name</arg>
<doc>Waits until the element ``locator`` is visible.</doc>
<status status="PASS" start="2026-05-11T09:59:33.335643" elapsed="0.029508"/>
</kw>
<kw name="Input Text" owner="SeleniumLibrary">
<msg time="2026-05-11T09:59:33.365816" level="INFO">Typing text 'standard_user' into text field 'id=user-name'.</msg>
<arg>id=user-name</arg>
<arg>${USERNAME}</arg>
<doc>Types the given ``text`` into the text field identified by ``locator``.</doc>
<status status="PASS" start="2026-05-11T09:59:33.365530" elapsed="0.121711"/>
</kw>
<kw name="Click Button" owner="SeleniumLibrary">
<msg time="2026-05-11T09:59:33.488148" level="INFO">Clicking button 'id=login-button'.</msg>
<arg>id=login-button</arg>
<doc>Clicks the button identified by ``locator``.</doc>
<status status="PASS" start="2026-05-11T09:59:33.487733" elapsed="0.114463"/>
</kw>
<kw name="Wait Until Element Contains" owner="SeleniumLibrary">
<arg>class=error-message-container</arg>
<arg>Epic sadface: Password is required</arg>
<doc>Waits until the element ``locator`` contains ``text``.</doc>
<status status="PASS" start="2026-05-11T09:59:33.602838" elapsed="0.029245"/>
</kw>
<status status="PASS" start="2026-05-11T09:59:31.949994" elapsed="1.682687"/>
</test>
<test id="s1-t5" name="Unsuccessful Login - Wrong Credentials" line="42">
<kw name="Open Browser" owner="SeleniumLibrary">
<msg time="2026-05-11T09:59:33.634604" level="INFO">Opening browser 'chrome' to base url 'https://www.saucedemo.com/'.</msg>
<arg>url=${URL}</arg>
<arg>browser=${BROWSER}</arg>
<doc>Opens a new browser instance to the optional ``url``.</doc>
<status status="PASS" start="2026-05-11T09:59:33.634246" elapsed="1.348073"/>
</kw>
<kw name="Wait Until Element Is Visible" owner="SeleniumLibrary">
<arg>id=user-name</arg>
<doc>Waits until the element ``locator`` is visible.</doc>
<status status="PASS" start="2026-05-11T09:59:34.982830" elapsed="0.025035"/>
</kw>
<kw name="Input Text" owner="SeleniumLibrary">
<msg time="2026-05-11T09:59:35.008559" level="INFO">Typing text 'UserNameTest' into text field 'id=user-name'.</msg>
<arg>id=user-name</arg>
<arg>UserNameTest</arg>
<doc>Types the given ``text`` into the text field identified by ``locator``.</doc>
<status status="PASS" start="2026-05-11T09:59:35.008323" elapsed="0.175523"/>
</kw>
<kw name="Input Text" owner="SeleniumLibrary">
<msg time="2026-05-11T09:59:35.184755" level="INFO">Typing text 'PasswordTest' into text field 'id=password'.</msg>
<arg>id=password</arg>
<arg>PasswordTest</arg>
<doc>Types the given ``text`` into the text field identified by ``locator``.</doc>
<status status="PASS" start="2026-05-11T09:59:35.184354" elapsed="0.146766"/>
</kw>
<kw name="Click Button" owner="SeleniumLibrary">
<msg time="2026-05-11T09:59:35.331882" level="INFO">Clicking button 'id=login-button'.</msg>
<arg>id=login-button</arg>
<doc>Clicks the button identified by ``locator``.</doc>
<status status="PASS" start="2026-05-11T09:59:35.331510" elapsed="0.082413"/>
</kw>
<kw name="Wait Until Element Contains" owner="SeleniumLibrary">
<arg>class=error-message-container</arg>
<arg>Epic sadface: Username and password do not match any user in this service</arg>
<doc>Waits until the element ``locator`` contains ``text``.</doc>
<status status="PASS" start="2026-05-11T09:59:35.414345" elapsed="0.021075"/>
</kw>
<status status="PASS" start="2026-05-11T09:59:33.633523" elapsed="1.802335"/>
</test>
<status status="PASS" start="2026-05-11T09:59:25.937480" elapsed="9.499513"/>
</suite>
<statistics>
<total>
<stat pass="5" fail="0" skip="0">All Tests</stat>
</total>
<tag>
</tag>
<suite>
<stat name="Login Steps" id="s1" pass="5" fail="0" skip="0">Login Steps</stat>
</suite>
</statistics>
<errors>
</errors>
</robot>
